npm warn exec The following package was not found and will be installed: inngest-cli@1.13.7
{"time":"2025-11-21T02:52:26.118025Z","level":"INFO","msg":"starting executor grpc server","svc":"executor","addr":":50053"}
{"time":"2025-11-21T02:52:26.118863Z","level":"INFO","msg":"service starting","caller":"executor","service":"executor"}
{"time":"2025-11-21T02:52:26.118864Z","level":"INFO","msg":"service starting","caller":"devserver","service":"devserver"}
{"time":"2025-11-21T02:52:26.118941Z","level":"INFO","msg":"subscribing to function queue"}
{"time":"2025-11-21T02:52:26.118937Z","level":"INFO","msg":"starting event stream","backend":"redis"}
{"time":"2025-11-21T02:52:26.118967Z","level":"INFO","msg":"autodiscovering locally hosted SDKs"}
{"time":"2025-11-21T02:52:26.118994Z","level":"INFO","msg":"service starting","caller":"runner","service":"runner"}
{"time":"2025-11-21T02:52:26.119463Z","level":"INFO","msg":"service starting","caller":"connect-gateway","service":"connect-gateway"}
{"time":"2025-11-21T02:52:26.119529Z","level":"INFO","msg":"starting connect gateway grpc server","caller":"connect-gateway","addr":":50052"}
{"time":"2025-11-21T02:52:26.119055Z","level":"INFO","msg":"service starting","caller":"api","service":"api"}
{"time":"2025-11-21T02:52:26.119641Z","level":"INFO","msg":"starting server","caller":"api","addr":"0.0.0.0:8288"}
{"time":"2025-11-21T02:52:26.122489Z","level":"INFO","msg":"subscribing to events","topic":"events"}
{"time":"2025-11-21T02:53:55.583963Z","level":"INFO","msg":"apps synced, disabling auto-discovery"}
{"time":"2025-11-21T04:09:32.297459Z","level":"INFO","msg":"publishing event","caller":"api","event_name":"scene/process.requested","internal_id":"01KAJ9MRC8HH0RJJYVNC237EB0","external_id":"01KAJ9MRC8HH0RJJYVNC237EB0","event":{"id":"01KAJ9MRC8HH0RJJYVNC237EB0","name":"scene/process.requested","data":{"projectId":"cmi7kw1330001siyste5aaklh","sceneId":"cmi7kwi090007siys0a35bnmz","userId":"cmi5d1zlj000asirppmyk00q3"},"ts":1763698172296}}
{"time":"2025-11-21T04:09:32.305266Z","level":"INFO","msg":"received event","event":"scene/process.requested","event_id":"01KAJ9MRC8HH0RJJYVNC237EB0","internal_id":"01KAJ9MRC8HH0RJJYVNC237EB0"}
{"time":"2025-11-21T04:09:32.305856Z","level":"INFO","msg":"initializing fn","event":"scene/process.requested","event_id":"01KAJ9MRC8HH0RJJYVNC237EB0","internal_id":"01KAJ9MRC8HH0RJJYVNC237EB0","function":"Scene Processor (Orchestrator)","function_id":"dafc04d8-a76c-5eda-95d4-ae327f704821"}
{"time":"2025-11-21T04:09:32.660203Z","level":"INFO","msg":"publishing event","caller":"api","event_name":"tts/generation.requested","internal_id":"01KAJ9MRQK1DHHZQS85RPTZ2E7","external_id":"01KAJ9MRQK1DHHZQS85RPTZ2E7","event":{"id":"01KAJ9MRQK1DHHZQS85RPTZ2E7","name":"tts/generation.requested","data":{"projectId":"cmi7kw1330001siyste5aaklh","sceneId":"cmi7kwi090007siys0a35bnmz","userId":"cmi5d1zlj000asirppmyk00q3"},"ts":1763698172659}}
{"time":"2025-11-21T04:09:32.812105Z","level":"INFO","msg":"received event","event":"tts/generation.requested","event_id":"01KAJ9MRQK1DHHZQS85RPTZ2E7","internal_id":"01KAJ9MRQK1DHHZQS85RPTZ2E7"}
{"time":"2025-11-21T04:09:32.812503Z","level":"INFO","msg":"initializing fn","event":"tts/generation.requested","event_id":"01KAJ9MRQK1DHHZQS85RPTZ2E7","internal_id":"01KAJ9MRQK1DHHZQS85RPTZ2E7","function":"tts-generator","function_id":"aea85702-419d-5e83-95fe-5dd38852ead8"}
{"time":"2025-11-21T04:09:36.261796Z","level":"INFO","msg":"publishing event","caller":"api","event_name":"tts/completed","internal_id":"01KAJ9MW85DSWW73CPMYNN8CTA","external_id":"01KAJ9MW85DSWW73CPMYNN8CTA","event":{"id":"01KAJ9MW85DSWW73CPMYNN8CTA","name":"tts/completed","data":{"assetId":"cmi8ccu700005si2nkqd1o4jw","audioUrl":"https://glusuxtjthdxdjblswbl.supabase.co/storage/v1/object/public/assets/projects/cmi7kw1330001siyste5aaklh/audio/scene_1_audio.mp3","projectId":"cmi7kw1330001siyste5aaklh","sceneId":"cmi7kwi090007siys0a35bnmz"},"ts":1763698176261}}
{"time":"2025-11-21T04:09:36.327191Z","level":"INFO","msg":"received event","event":"tts/completed","event_id":"01KAJ9MW85DSWW73CPMYNN8CTA","internal_id":"01KAJ9MW85DSWW73CPMYNN8CTA"}
{"time":"2025-11-21T04:09:36.432268Z","level":"INFO","msg":"publishing event","caller":"api","event_name":"avatar/generation.requested","internal_id":"01KAJ9MWDF9R9FW87H0CAZ01Y4","external_id":"01KAJ9MWDF9R9FW87H0CAZ01Y4","event":{"id":"01KAJ9MWDF9R9FW87H0CAZ01Y4","name":"avatar/generation.requested","data":{"projectId":"cmi7kw1330001siyste5aaklh","sceneId":"cmi7kwi090007siys0a35bnmz","userId":"cmi5d1zlj000asirppmyk00q3"},"ts":1763698176431}}
{"time":"2025-11-21T04:09:36.582749Z","level":"INFO","msg":"received event","event":"inngest/function.finished","event_id":"01KAJ9MWD3JX9ACE49RN0JGF1R","internal_id":"01KAJ9MWD3SFSJ7Y6N73A9KY92"}
{"time":"2025-11-21T04:09:36.583203Z","level":"INFO","msg":"received event","event":"avatar/generation.requested","event_id":"01KAJ9MWDF9R9FW87H0CAZ01Y4","internal_id":"01KAJ9MWDF9R9FW87H0CAZ01Y4"}
{"time":"2025-11-21T04:09:36.583513Z","level":"INFO","msg":"initializing fn","event":"avatar/generation.requested","event_id":"01KAJ9MWDF9R9FW87H0CAZ01Y4","internal_id":"01KAJ9MWDF9R9FW87H0CAZ01Y4","function":"avatar-generator","function_id":"1f3c3658-49f2-5c36-b37c-31a1c292b887"}
{"time":"2025-11-21T04:09:43.159099Z","level":"INFO","msg":"publishing event","caller":"api","event_name":"avatar/polling.requested","internal_id":"01KAJ9N2ZNRCGMTRND0X8W9M22","external_id":"01KAJ9N2ZNRCGMTRND0X8W9M22","event":{"id":"01KAJ9N2ZNRCGMTRND0X8W9M22","name":"avatar/polling.requested","data":{"maxAttempts":20,"sceneId":"cmi7kwi090007siys0a35bnmz","talkId":"tlk_j7ALEM4or99Vg5SpZrY90"},"ts":1763698183157}}
{"time":"2025-11-21T04:09:43.353608Z","level":"INFO","msg":"received event","event":"inngest/function.finished","event_id":"01KAJ9N34F29F7XHT2DNTNMS9G","internal_id":"01KAJ9N34FXSWCT1K0Y6VSVA0F"}
{"time":"2025-11-21T04:09:43.35397Z","level":"INFO","msg":"received event","event":"avatar/polling.requested","event_id":"01KAJ9N2ZNRCGMTRND0X8W9M22","internal_id":"01KAJ9N2ZNRCGMTRND0X8W9M22"}
{"time":"2025-11-21T04:09:43.354186Z","level":"INFO","msg":"initializing fn","event":"avatar/polling.requested","event_id":"01KAJ9N2ZNRCGMTRND0X8W9M22","internal_id":"01KAJ9N2ZNRCGMTRND0X8W9M22","function":"avatar-polling","function_id":"a7215d64-501e-5c38-b024-ee890083a2e3"}
{"time":"2025-11-21T04:09:49.156698Z","level":"INFO","msg":"publishing event","caller":"api","event_name":"avatar/polling.requested","internal_id":"01KAJ9N8V4T29W25ASHGTR82QX","external_id":"01KAJ9N8V4T29W25ASHGTR82QX","event":{"id":"01KAJ9N8V4T29W25ASHGTR82QX","name":"avatar/polling.requested","data":{"currentAttempt":2,"maxAttempts":20,"sceneId":"cmi7kwi090007siys0a35bnmz","talkId":"tlk_j7ALEM4or99Vg5SpZrY90"},"ts":1763698189156}}
{"time":"2025-11-21T04:09:49.37989Z","level":"INFO","msg":"received event","event":"avatar/polling.requested","event_id":"01KAJ9N8V4T29W25ASHGTR82QX","internal_id":"01KAJ9N8V4T29W25ASHGTR82QX"}
{"time":"2025-11-21T04:09:49.380194Z","level":"INFO","msg":"initializing fn","event":"avatar/polling.requested","event_id":"01KAJ9N8V4T29W25ASHGTR82QX","internal_id":"01KAJ9N8V4T29W25ASHGTR82QX","function":"avatar-polling","function_id":"a7215d64-501e-5c38-b024-ee890083a2e3"}
{"time":"2025-11-21T04:09:49.381007Z","level":"INFO","msg":"received event","event":"inngest/function.finished","event_id":"01KAJ9N900D3PH8QB83G1FAHGK","internal_id":"01KAJ9N900BF22DT6Y5D31EK8P"}
{"time":"2025-11-21T04:09:59.517399Z","level":"INFO","msg":"publishing event","caller":"api","event_name":"avatar/completed","internal_id":"01KAJ9NJYW9Q6S4ER7D359GNBQ","external_id":"01KAJ9NJYW9Q6S4ER7D359GNBQ","event":{"id":"01KAJ9NJYW9Q6S4ER7D359GNBQ","name":"avatar/completed","data":{"assetId":"cmi8cdc4q0009si2nnrwdyibj","projectId":"cmi7kw1330001siyste5aaklh","sceneId":"cmi7kwi090007siys0a35bnmz","videoUrl":"https://glusuxtjthdxdjblswbl.supabase.co/storage/v1/object/public/assets/projects/cmi7kw1330001siyste5aaklh/avatars/scene_1_avatar.mp4"},"ts":1763698199516}}
{"time":"2025-11-21T04:09:59.662097Z","level":"INFO","msg":"received event","event":"avatar/completed","event_id":"01KAJ9NJYW9Q6S4ER7D359GNBQ","internal_id":"01KAJ9NJYW9Q6S4ER7D359GNBQ"}
{"time":"2025-11-21T04:09:59.666059Z","level":"INFO","msg":"received event","event":"inngest/function.finished","event_id":"01KAJ9NK3ESPXXHG92ME3B0KZ5","internal_id":"01KAJ9NK3EHP21TR73DZCF2SYF"}
{"time":"2025-11-21T04:09:59.811744Z","level":"INFO","msg":"publishing event","caller":"api","event_name":"background/generation.requested","internal_id":"01KAJ9NK82938NEF088RQZYJZV","external_id":"01KAJ9NK82938NEF088RQZYJZV","event":{"id":"01KAJ9NK82938NEF088RQZYJZV","name":"background/generation.requested","data":{"projectId":"cmi7kw1330001siyste5aaklh","sceneId":"cmi7kwi090007siys0a35bnmz","userId":"cmi5d1zlj000asirppmyk00q3"},"ts":1763698199810}}
{"time":"2025-11-21T04:09:59.917652Z","level":"INFO","msg":"received event","event":"background/generation.requested","event_id":"01KAJ9NK82938NEF088RQZYJZV","internal_id":"01KAJ9NK82938NEF088RQZYJZV"}
{"time":"2025-11-21T04:09:59.917933Z","level":"INFO","msg":"initializing fn","event":"background/generation.requested","event_id":"01KAJ9NK82938NEF088RQZYJZV","internal_id":"01KAJ9NK82938NEF088RQZYJZV","function":"background-generator","function_id":"e5229485-fc14-5fe8-9848-929c5bc10d49"}
{"time":"2025-11-21T04:10:00.860315Z","level":"INFO","msg":"publishing event","caller":"api","event_name":"veo/generation.requested","internal_id":"01KAJ9NM8VBMRGMP8JJ7ADAY35","external_id":"01KAJ9NM8VBMRGMP8JJ7ADAY35","event":{"id":"01KAJ9NM8VBMRGMP8JJ7ADAY35","name":"veo/generation.requested","data":{"imageAssetId":"cmi8cdd69000bsi2n5gn4my64","imageUrl":"https://glusuxtjthdxdjblswbl.supabase.co/storage/v1/object/public/assets/projects/cmi7kw1330001siyste5aaklh/backgrounds/scene_1_background.png","sceneId":"cmi7kwi090007siys0a35bnmz","videoPrompt":"Slow zoom in on the title slide, subtle light shift, professional and clean animation, 8 seconds duration"},"ts":1763698200859}}
{"time":"2025-11-21T04:10:00.923167Z","level":"INFO","msg":"received event","event":"veo/generation.requested","event_id":"01KAJ9NM8VBMRGMP8JJ7ADAY35","internal_id":"01KAJ9NM8VBMRGMP8JJ7ADAY35"}
{"time":"2025-11-21T04:10:00.923779Z","level":"INFO","msg":"initializing fn","event":"veo/generation.requested","event_id":"01KAJ9NM8VBMRGMP8JJ7ADAY35","internal_id":"01KAJ9NM8VBMRGMP8JJ7ADAY35","function":"veo-video-generator","function_id":"4b8f2ed2-38fa-5c76-af9d-34e6d3357976"}
{"time":"2025-11-21T04:10:01.176366Z","level":"INFO","msg":"received event","event":"inngest/function.finished","event_id":"01KAJ9NME1T5FS2TEYQGX3NBN8","internal_id":"01KAJ9NME1GEAPMV2KA4HHZGA8"}
{"time":"2025-11-21T04:10:03.107494Z","level":"INFO","msg":"publishing event","caller":"api","event_name":"veo/polling.requested","internal_id":"01KAJ9NPF20A022RGJM7G4MX00","external_id":"01KAJ9NPF20A022RGJM7G4MX00","event":{"id":"01KAJ9NPF20A022RGJM7G4MX00","name":"veo/polling.requested","data":{"maxAttempts":120,"operationName":"projects/bold-network-478100-e6/locations/us-central1/publishers/google/models/veo-3.0-fast-generate-001/operations/7e178842-48f7-4984-b105-6a8e5df7177e","sceneId":"cmi7kwi090007siys0a35bnmz"},"ts":1763698203106}}
{"time":"2025-11-21T04:10:03.183888Z","level":"INFO","msg":"received event","event":"veo/polling.requested","event_id":"01KAJ9NPF20A022RGJM7G4MX00","internal_id":"01KAJ9NPF20A022RGJM7G4MX00"}
{"time":"2025-11-21T04:10:03.184191Z","level":"INFO","msg":"initializing fn","event":"veo/polling.requested","event_id":"01KAJ9NPF20A022RGJM7G4MX00","internal_id":"01KAJ9NPF20A022RGJM7G4MX00","function":"veo-video-polling","function_id":"295f796b-52a9-5c8e-8b93-329ea7cdb504"}
{"time":"2025-11-21T04:10:03.436182Z","level":"INFO","msg":"received event","event":"inngest/function.finished","event_id":"01KAJ9NPM6TG0BP2WVKAZ8F99B","internal_id":"01KAJ9NPM6HVJBD7ZAGRECRPQY"}
{"time":"2025-11-21T04:10:34.609593Z","level":"INFO","msg":"publishing event","caller":"api","event_name":"veo/polling.requested","internal_id":"01KAJ9PN7G6TPCS8XZ9ETTCN9E","external_id":"01KAJ9PN7G6TPCS8XZ9ETTCN9E","event":{"id":"01KAJ9PN7G6TPCS8XZ9ETTCN9E","name":"veo/polling.requested","data":{"currentAttempt":2,"maxAttempts":120,"operationName":"projects/bold-network-478100-e6/locations/us-central1/publishers/google/models/veo-3.0-fast-generate-001/operations/7e178842-48f7-4984-b105-6a8e5df7177e","sceneId":"cmi7kwi090007siys0a35bnmz"},"ts":1763698234608}}
{"time":"2025-11-21T04:10:34.798405Z","level":"INFO","msg":"received event","event":"veo/polling.requested","event_id":"01KAJ9PN7G6TPCS8XZ9ETTCN9E","internal_id":"01KAJ9PN7G6TPCS8XZ9ETTCN9E"}
{"time":"2025-11-21T04:10:34.79866Z","level":"INFO","msg":"initializing fn","event":"veo/polling.requested","event_id":"01KAJ9PN7G6TPCS8XZ9ETTCN9E","internal_id":"01KAJ9PN7G6TPCS8XZ9ETTCN9E","function":"veo-video-polling","function_id":"295f796b-52a9-5c8e-8b93-329ea7cdb504"}
{"time":"2025-11-21T04:10:34.799485Z","level":"INFO","msg":"received event","event":"inngest/function.finished","event_id":"01KAJ9PNCA64WFHQ7NSC2D61N9","internal_id":"01KAJ9PNCAXYPTK45K9QBZ76RF"}
{"time":"2025-11-21T04:10:41.211892Z","level":"INFO","msg":"publishing event","caller":"api","event_name":"veo/polling.requested","internal_id":"01KAJ9PVNVCAF8PCXA7NZ7Z11C","external_id":"01KAJ9PVNVCAF8PCXA7NZ7Z11C","event":{"id":"01KAJ9PVNVCAF8PCXA7NZ7Z11C","name":"veo/polling.requested","data":{"currentAttempt":3,"maxAttempts":120,"operationName":"projects/bold-network-478100-e6/locations/us-central1/publishers/google/models/veo-3.0-fast-generate-001/operations/7e178842-48f7-4984-b105-6a8e5df7177e","sceneId":"cmi7kwi090007siys0a35bnmz"},"ts":1763698241211}}
{"time":"2025-11-21T04:10:41.321973Z","level":"INFO","msg":"received event","event":"veo/polling.requested","event_id":"01KAJ9PVNVCAF8PCXA7NZ7Z11C","internal_id":"01KAJ9PVNVCAF8PCXA7NZ7Z11C"}
{"time":"2025-11-21T04:10:41.322278Z","level":"INFO","msg":"initializing fn","event":"veo/polling.requested","event_id":"01KAJ9PVNVCAF8PCXA7NZ7Z11C","internal_id":"01KAJ9PVNVCAF8PCXA7NZ7Z11C","function":"veo-video-polling","function_id":"295f796b-52a9-5c8e-8b93-329ea7cdb504"}
{"time":"2025-11-21T04:10:41.587931Z","level":"INFO","msg":"received event","event":"inngest/function.finished","event_id":"01KAJ9PVTM4CBGZ0JVPX47K11R","internal_id":"01KAJ9PVTMA02X7BS8N4KE35NC"}
{"time":"2025-11-21T04:10:51.561339Z","level":"ERROR","msg":"error handling queue item","error":"invalid status code: 500","item_kind":"edge"}
{"time":"2025-11-21T04:11:08.097087Z","level":"ERROR","msg":"error handling queue item","error":"invalid status code: 500","item_kind":"edge"}
{"time":"2025-11-21T04:11:59.320158Z","level":"ERROR","msg":"error handling queue item","error":"invalid status code: 500","item_kind":"edge"}
{"time":"2025-11-21T04:13:18.356562Z","level":"ERROR","msg":"error handling queue item","error":"invalid status code: 500","item_kind":"edge"}
{"time":"2025-11-21T04:15:29.062064Z","level":"INFO","msg":"received event","event":"inngest/function.finished","event_id":"01KAJ9ZMJJD5E55TVFBJ9QVB4J","internal_id":"01KAJ9ZMJJH6Y4QTR4KRKFH0G1"}
{"time":"2025-11-21T04:15:29.063482Z","level":"INFO","msg":"received event","event":"inngest/function.failed","event_id":"01KAJ9PVSAJZASD8G6N3SXHP02","internal_id":"01KAJ9ZMJJKCEE5WRZXG2DWRNX"}
